<?xml version="1.0" encoding="UTF-8"?>
<!-- Generated by org.testng.reporters.JUnitXMLReporter -->
<testsuite ignored="5" hostname="MT-31195791H" failures="0" tests="11" name="Test" time="0.2" errors="0" timestamp="2021-11-19T18:52:38 IST">
  <testcase classname="com.compri.pageobject.BaseClass" name="@BeforeClass setup" time="0.107">
    <failure type="java.lang.IllegalStateException" message="The driver executable does not exist: C:\Users\M1073102\Documents\Eclipse\hybrid\driver\chromedriver.exe">
      <![CDATA[java.lang.IllegalStateException: The driver executable does not exist: C:\Users\M1073102\Documents\Eclipse\hybrid\driver\chromedriver.exe
at com.google.common.base.Preconditions.checkState(Preconditions.java:585)
at org.openqa.selenium.remote.service.DriverService.checkExecutable(DriverService.java:146)
at org.openqa.selenium.remote.service.DriverService.findExecutable(DriverService.java:141)
at org.openqa.selenium.chrome.ChromeDriverService.access$000(ChromeDriverService.java:35)
at org.openqa.selenium.chrome.ChromeDriverService$Builder.findDefaultExecutable(ChromeDriverService.java:159)
at org.openqa.selenium.remote.service.DriverService$Builder.build(DriverService.java:355)
at org.openqa.selenium.chrome.ChromeDriverService.createDefaultService(ChromeDriverService.java:94)
at org.openqa.selenium.chrome.ChromeDriver.<init>(ChromeDriver.java:157)
at com.compri.utilites.BrowserFactory.startApp(BrowserFactory.java:19)
at com.compri.pageobject.BaseClass.setup(BaseClass.java:42)
at java.base/java.util.ArrayList.forEach(ArrayList.java:1541)
... Removed 30 stack frames]]>
    </failure>
  </testcase> <!-- @BeforeClass setup -->
  <testcase classname="com.compri.pageobject.BaseClass" name="@AfterMethod tearDownMethod" time="-1.637328158327E9">
    <skipped/>
  </testcase> <!-- @AfterMethod tearDownMethod -->
  <testcase classname="com.compri.pageobject.BaseClass" name="@AfterMethod tearDownMethod" time="-1.63732815833E9">
    <skipped/>
  </testcase> <!-- @AfterMethod tearDownMethod -->
  <testcase classname="com.compri.pageobject.BaseClass" name="@AfterClass teardown" time="-1.637328158331E9">
    <skipped/>
  </testcase> <!-- @AfterClass teardown -->
  <testcase classname="com.compri.pageobject.BaseClass" name="@BeforeClass setup" time="0.005">
    <failure type="java.lang.IllegalStateException" message="The driver executable does not exist: C:\Users\M1073102\Documents\Eclipse\hybrid\driver\chromedriver.exe">
      <![CDATA[java.lang.IllegalStateException: The driver executable does not exist: C:\Users\M1073102\Documents\Eclipse\hybrid\driver\chromedriver.exe
at com.google.common.base.Preconditions.checkState(Preconditions.java:585)
at org.openqa.selenium.remote.service.DriverService.checkExecutable(DriverService.java:146)
at org.openqa.selenium.remote.service.DriverService.findExecutable(DriverService.java:141)
at org.openqa.selenium.chrome.ChromeDriverService.access$000(ChromeDriverService.java:35)
at org.openqa.selenium.chrome.ChromeDriverService$Builder.findDefaultExecutable(ChromeDriverService.java:159)
at org.openqa.selenium.remote.service.DriverService$Builder.build(DriverService.java:355)
at org.openqa.selenium.chrome.ChromeDriverService.createDefaultService(ChromeDriverService.java:94)
at org.openqa.selenium.chrome.ChromeDriver.<init>(ChromeDriver.java:157)
at com.compri.utilites.BrowserFactory.startApp(BrowserFactory.java:19)
at com.compri.pageobject.BaseClass.setup(BaseClass.java:42)
at java.base/java.util.ArrayList.forEach(ArrayList.java:1541)
... Removed 30 stack frames]]>
    </failure>
  </testcase> <!-- @BeforeClass setup -->
  <testcase classname="com.compri.pageobject.BaseClass" name="@AfterMethod tearDownMethod" time="-1.637328158339E9">
    <skipped/>
  </testcase> <!-- @AfterMethod tearDownMethod -->
  <testcase classname="com.compri.pageobject.BaseClass" name="@AfterClass teardown" time="-1.637328158339E9">
    <skipped/>
  </testcase> <!-- @AfterClass teardown -->
  <testcase classname="com.compri.pageobject.BaseClass" name="@BeforeClass setup" time="0.006">
    <failure type="java.lang.IllegalStateException" message="The driver executable does not exist: C:\Users\M1073102\Documents\Eclipse\hybrid\driver\chromedriver.exe">
      <![CDATA[java.lang.IllegalStateException: The driver executable does not exist: C:\Users\M1073102\Documents\Eclipse\hybrid\driver\chromedriver.exe
at com.google.common.base.Preconditions.checkState(Preconditions.java:585)
at org.openqa.selenium.remote.service.DriverService.checkExecutable(DriverService.java:146)
at org.openqa.selenium.remote.service.DriverService.findExecutable(DriverService.java:141)
at org.openqa.selenium.chrome.ChromeDriverService.access$000(ChromeDriverService.java:35)
at org.openqa.selenium.chrome.ChromeDriverService$Builder.findDefaultExecutable(ChromeDriverService.java:159)
at org.openqa.selenium.remote.service.DriverService$Builder.build(DriverService.java:355)
at org.openqa.selenium.chrome.ChromeDriverService.createDefaultService(ChromeDriverService.java:94)
at org.openqa.selenium.chrome.ChromeDriver.<init>(ChromeDriver.java:157)
at com.compri.utilites.BrowserFactory.startApp(BrowserFactory.java:19)
at com.compri.pageobject.BaseClass.setup(BaseClass.java:42)
at java.base/java.util.ArrayList.forEach(ArrayList.java:1541)
... Removed 30 stack frames]]>
    </failure>
  </testcase> <!-- @BeforeClass setup -->
  <testcase classname="com.compri.pageobject.BaseClass" name="@AfterMethod tearDownMethod" time="-1.637328158348E9">
    <skipped/>
  </testcase> <!-- @AfterMethod tearDownMethod -->
  <testcase classname="com.compri.pageobject.BaseClass" name="@AfterClass teardown" time="-1.637328158348E9">
    <skipped/>
  </testcase> <!-- @AfterClass teardown -->
  <testcase classname="com.compri.pageobject.BaseClass" name="@BeforeClass setup" time="0.003">
    <failure type="java.lang.IllegalStateException" message="The driver executable does not exist: C:\Users\M1073102\Documents\Eclipse\hybrid\driver\chromedriver.exe">
      <![CDATA[java.lang.IllegalStateException: The driver executable does not exist: C:\Users\M1073102\Documents\Eclipse\hybrid\driver\chromedriver.exe
at com.google.common.base.Preconditions.checkState(Preconditions.java:585)
at org.openqa.selenium.remote.service.DriverService.checkExecutable(DriverService.java:146)
at org.openqa.selenium.remote.service.DriverService.findExecutable(DriverService.java:141)
at org.openqa.selenium.chrome.ChromeDriverService.access$000(ChromeDriverService.java:35)
at org.openqa.selenium.chrome.ChromeDriverService$Builder.findDefaultExecutable(ChromeDriverService.java:159)
at org.openqa.selenium.remote.service.DriverService$Builder.build(DriverService.java:355)
at org.openqa.selenium.chrome.ChromeDriverService.createDefaultService(ChromeDriverService.java:94)
at org.openqa.selenium.chrome.ChromeDriver.<init>(ChromeDriver.java:157)
at com.compri.utilites.BrowserFactory.startApp(BrowserFactory.java:19)
at com.compri.pageobject.BaseClass.setup(BaseClass.java:42)
at java.base/java.util.ArrayList.forEach(ArrayList.java:1541)
... Removed 30 stack frames]]>
    </failure>
  </testcase> <!-- @BeforeClass setup -->
  <testcase classname="com.compri.pageobject.BaseClass" name="@AfterMethod tearDownMethod" time="-1.637328158353E9">
    <skipped/>
  </testcase> <!-- @AfterMethod tearDownMethod -->
  <testcase classname="com.compri.pageobject.BaseClass" name="@AfterClass teardown" time="-1.637328158353E9">
    <skipped/>
  </testcase> <!-- @AfterClass teardown -->
  <testcase classname="com.compri.pageobject.BaseClass" name="@BeforeClass setup" time="0.003">
    <failure type="java.lang.IllegalStateException" message="The driver executable does not exist: C:\Users\M1073102\Documents\Eclipse\hybrid\driver\chromedriver.exe">
      <![CDATA[java.lang.IllegalStateException: The driver executable does not exist: C:\Users\M1073102\Documents\Eclipse\hybrid\driver\chromedriver.exe
at com.google.common.base.Preconditions.checkState(Preconditions.java:585)
at org.openqa.selenium.remote.service.DriverService.checkExecutable(DriverService.java:146)
at org.openqa.selenium.remote.service.DriverService.findExecutable(DriverService.java:141)
at org.openqa.selenium.chrome.ChromeDriverService.access$000(ChromeDriverService.java:35)
at org.openqa.selenium.chrome.ChromeDriverService$Builder.findDefaultExecutable(ChromeDriverService.java:159)
at org.openqa.selenium.remote.service.DriverService$Builder.build(DriverService.java:355)
at org.openqa.selenium.chrome.ChromeDriverService.createDefaultService(ChromeDriverService.java:94)
at org.openqa.selenium.chrome.ChromeDriver.<init>(ChromeDriver.java:157)
at com.compri.utilites.BrowserFactory.startApp(BrowserFactory.java:19)
at com.compri.pageobject.BaseClass.setup(BaseClass.java:42)
at java.base/java.util.ArrayList.forEach(ArrayList.java:1541)
... Removed 30 stack frames]]>
    </failure>
  </testcase> <!-- @BeforeClass setup -->
  <testcase classname="com.compri.pageobject.BaseClass" name="@AfterMethod tearDownMethod" time="-1.637328158357E9">
    <skipped/>
  </testcase> <!-- @AfterMethod tearDownMethod -->
  <testcase classname="com.compri.pageobject.BaseClass" name="@AfterMethod tearDownMethod" time="-1.637328158359E9">
    <skipped/>
  </testcase> <!-- @AfterMethod tearDownMethod -->
  <testcase classname="com.compri.pageobject.BaseClass" name="@AfterClass teardown" time="-1.637328158359E9">
    <skipped/>
  </testcase> <!-- @AfterClass teardown -->
  <testcase classname="com.compri.pageobject.BaseClass" name="@BeforeClass setup" time="0.003">
    <failure type="java.lang.IllegalStateException" message="The driver executable does not exist: C:\Users\M1073102\Documents\Eclipse\hybrid\driver\chromedriver.exe">
      <![CDATA[java.lang.IllegalStateException: The driver executable does not exist: C:\Users\M1073102\Documents\Eclipse\hybrid\driver\chromedriver.exe
at com.google.common.base.Preconditions.checkState(Preconditions.java:585)
at org.openqa.selenium.remote.service.DriverService.checkExecutable(DriverService.java:146)
at org.openqa.selenium.remote.service.DriverService.findExecutable(DriverService.java:141)
at org.openqa.selenium.chrome.ChromeDriverService.access$000(ChromeDriverService.java:35)
at org.openqa.selenium.chrome.ChromeDriverService$Builder.findDefaultExecutable(ChromeDriverService.java:159)
at org.openqa.selenium.remote.service.DriverService$Builder.build(DriverService.java:355)
at org.openqa.selenium.chrome.ChromeDriverService.createDefaultService(ChromeDriverService.java:94)
at org.openqa.selenium.chrome.ChromeDriver.<init>(ChromeDriver.java:157)
at com.compri.utilites.BrowserFactory.startApp(BrowserFactory.java:19)
at com.compri.pageobject.BaseClass.setup(BaseClass.java:42)
at java.base/java.util.ArrayList.forEach(ArrayList.java:1541)
... Removed 30 stack frames]]>
    </failure>
  </testcase> <!-- @BeforeClass setup -->
  <testcase classname="com.compri.pageobject.BaseClass" name="@AfterMethod tearDownMethod" time="-1.637328158364E9">
    <skipped/>
  </testcase> <!-- @AfterMethod tearDownMethod -->
  <testcase classname="com.compri.pageobject.BaseClass" name="@AfterMethod tearDownMethod" time="-1.637328158368E9">
    <skipped/>
  </testcase> <!-- @AfterMethod tearDownMethod -->
  <testcase classname="com.compri.pageobject.BaseClass" name="@AfterMethod tearDownMethod" time="-1.637328158369E9">
    <skipped/>
  </testcase> <!-- @AfterMethod tearDownMethod -->
  <testcase classname="com.compri.pageobject.BaseClass" name="@AfterMethod tearDownMethod" time="-1.637328158369E9">
    <skipped/>
  </testcase> <!-- @AfterMethod tearDownMethod -->
  <testcase classname="com.compri.pageobject.BaseClass" name="@AfterClass teardown" time="-1.63732815837E9">
    <skipped/>
  </testcase> <!-- @AfterClass teardown -->
  <testcase classname="com.compri.testcases.FilterLH_TC" name="FilterSortHL" time="0.0">
    <skipped/>
  </testcase> <!-- FilterSortHL -->
  <testcase classname="com.compri.testcases.FilterLH_TC" name="FilterSortLH" time="0.0">
    <skipped/>
  </testcase> <!-- FilterSortLH -->
  <testcase classname="com.compri.testcases.GiftCard_TC" name="GiftCardValidation" time="0.0">
    <skipped/>
  </testcase> <!-- GiftCardValidation -->
  <testcase classname="com.compri.testcases.WishList_TC" name="WishListCart" time="0.0">
    <skipped/>
  </testcase> <!-- WishListCart -->
  <testcase classname="com.compri.testcases.ProductSearchVerify_TC" name="RelevantProductList" time="0.0">
    <skipped/>
  </testcase> <!-- RelevantProductList -->
  <testcase classname="com.compri.testcases.PostalCode_TC" name="PinCodeValidation" time="0.0">
    <skipped/>
  </testcase> <!-- PinCodeValidation -->
  <testcase classname="com.compri.testcases.PostalCode_TC" name="PinCodeValidationN" time="0.0">
    <skipped/>
  </testcase> <!-- PinCodeValidationN -->
  <testcase classname="com.compri.testcases.SignIn_TC" name="LoginToStore" time="0.0">
    <skipped/>
  </testcase> <!-- LoginToStore -->
  <testcase classname="com.compri.testcases.SignIn_TC" name="LoginToStoreN" time="0.0">
    <skipped/>
  </testcase> <!-- LoginToStoreN -->
  <testcase classname="com.compri.testcases.SignIn_TC" name="LoginToStoreN" time="0.0">
    <skipped/>
  </testcase> <!-- LoginToStoreN -->
  <testcase classname="com.compri.testcases.SignIn_TC" name="LoginToStoreN" time="0.0">
    <skipped/>
  </testcase> <!-- LoginToStoreN -->
  <testcase classname="com.compri.pageobject.BaseClass" name="@BeforeSuite setUpSuite" time="0.0">
    <ignored/>
  </testcase> <!-- @BeforeSuite setUpSuite -->
  <testcase classname="com.compri.pageobject.BaseClass" name="@BeforeSuite setUpSuite" time="0.0">
    <ignored/>
  </testcase> <!-- @BeforeSuite setUpSuite -->
  <testcase classname="com.compri.pageobject.BaseClass" name="@BeforeSuite setUpSuite" time="0.0">
    <ignored/>
  </testcase> <!-- @BeforeSuite setUpSuite -->
  <testcase classname="com.compri.pageobject.BaseClass" name="@BeforeSuite setUpSuite" time="0.0">
    <ignored/>
  </testcase> <!-- @BeforeSuite setUpSuite -->
  <testcase classname="com.compri.pageobject.BaseClass" name="@BeforeSuite setUpSuite" time="0.0">
    <ignored/>
  </testcase> <!-- @BeforeSuite setUpSuite -->
</testsuite> <!-- Test -->
