<!DOCTYPE html PUBLIC "-//W3C//DTD XHTML 1.1//EN" "https://www.w3.org/TR/xhtml11/DTD/xhtml11.dtd">
<html xmlns="https://www.w3.org/1999/xhtml">
<head>
<meta http-equiv="content-type" content="text/html; charset=UTF-8"/>
<title>TestNG Report</title>
<style type="text/css">table {margin-bottom:10px;border-collapse:collapse;empty-cells:show}th,td {border:1px solid #009;padding:.25em .5em}th {vertical-align:bottom}td {vertical-align:top}table a {font-weight:bold}.stripe td {background-color: #E6EBF9}.num {text-align:right}.passedodd td {background-color: #3F3}.passedeven td {background-color: #0A0}.skippedodd td {background-color: #DDD}.skippedeven td {background-color: #CCC}.failedodd td,.attn {background-color: #F33}.failedeven td,.stripe .attn {background-color: #D00}.stacktrace {white-space:pre;font-family:monospace}.totop {font-size:85%;text-align:center;border-bottom:2px solid #000}.invisible {display:none}</style>
</head>
<body>
<table>
<tr><th>Test</th><th># Passed</th><th># Skipped</th><th># Retried</th><th># Failed</th><th>Time (ms)</th><th>Included Groups</th><th>Excluded Groups</th></tr>
<tr><th colspan="8">Suite</th></tr>
<tr><td><a href="#t0">Test</a></td><td class="num">0</td><td class="num attn">11</td><td class="num">0</td><td class="num">0</td><td class="num">200</td><td></td><td></td></tr>
</table>
<table id='summary'><thead><tr><th>Class</th><th>Method</th><th>Start</th><th>Time (ms)</th></tr></thead><tbody><tr><th colspan="4">Suite</th></tr></tbody><tbody id="t0"><tr><th colspan="4">Test &#8212; failed (configuration methods)</th></tr><tr class="failedeven"><td rowspan="1">com.compri.testcases.FilterLH_TC</td><td><a href="#m0">setup</a></td><td rowspan="1">1637328158185</td><td rowspan="1">107</td></tr><tr class="failedodd"><td rowspan="1">com.compri.testcases.GiftCard_TC</td><td><a href="#m1">setup</a></td><td rowspan="1">1637328158332</td><td rowspan="1">5</td></tr><tr class="failedeven"><td rowspan="1">com.compri.testcases.PostalCode_TC</td><td><a href="#m2">setup</a></td><td rowspan="1">1637328158353</td><td rowspan="1">3</td></tr><tr class="failedodd"><td rowspan="1">com.compri.testcases.ProductSearchVerify_TC</td><td><a href="#m3">setup</a></td><td rowspan="1">1637328158348</td><td rowspan="1">3</td></tr><tr class="failedeven"><td rowspan="1">com.compri.testcases.SignIn_TC</td><td><a href="#m4">setup</a></td><td rowspan="1">1637328158360</td><td rowspan="1">3</td></tr><tr class="failedodd"><td rowspan="1">com.compri.testcases.WishList_TC</td><td><a href="#m5">setup</a></td><td rowspan="1">1637328158340</td><td rowspan="1">6</td></tr><tr><th colspan="4">Test &#8212; skipped (configuration methods)</th></tr><tr class="skippedeven"><td rowspan="3">com.compri.testcases.FilterLH_TC</td><td><a href="#m6">tearDownMethod</a></td><td rowspan="2">1637328158327</td><td rowspan="2">-1637328158327</td></tr><tr class="skippedeven"><td><a href="#m7">tearDownMethod</a></td></tr><tr class="skippedeven"><td><a href="#m8">teardown</a></td><td rowspan="1">1637328158331</td><td rowspan="1">-1637328158331</td></tr><tr class="skippedodd"><td rowspan="2">com.compri.testcases.GiftCard_TC</td><td><a href="#m9">tearDownMethod</a></td><td rowspan="1">1637328158339</td><td rowspan="1">-1637328158339</td></tr><tr class="skippedodd"><td><a href="#m10">teardown</a></td><td rowspan="1">1637328158339</td><td rowspan="1">-1637328158339</td></tr><tr class="skippedeven"><td rowspan="3">com.compri.testcases.PostalCode_TC</td><td><a href="#m11">tearDownMethod</a></td><td rowspan="2">1637328158359</td><td rowspan="2">-1637328158359</td></tr><tr class="skippedeven"><td><a href="#m12">tearDownMethod</a></td></tr><tr class="skippedeven"><td><a href="#m13">teardown</a></td><td rowspan="1">1637328158359</td><td rowspan="1">-1637328158359</td></tr><tr class="skippedodd"><td rowspan="2">com.compri.testcases.ProductSearchVerify_TC</td><td><a href="#m14">tearDownMethod</a></td><td rowspan="1">1637328158353</td><td rowspan="1">-1637328158353</td></tr><tr class="skippedodd"><td><a href="#m15">teardown</a></td><td rowspan="1">1637328158353</td><td rowspan="1">-1637328158353</td></tr><tr class="skippedeven"><td rowspan="5">com.compri.testcases.SignIn_TC</td><td><a href="#m16">tearDownMethod</a></td><td rowspan="4">1637328158369</td><td rowspan="4">-1637328158369</td></tr><tr class="skippedeven"><td><a href="#m17">tearDownMethod</a></td></tr><tr class="skippedeven"><td><a href="#m18">tearDownMethod</a></td></tr><tr class="skippedeven"><td><a href="#m19">tearDownMethod</a></td></tr><tr class="skippedeven"><td><a href="#m20">teardown</a></td><td rowspan="1">1637328158370</td><td rowspan="1">-1637328158370</td></tr><tr class="skippedodd"><td rowspan="2">com.compri.testcases.WishList_TC</td><td><a href="#m21">tearDownMethod</a></td><td rowspan="1">1637328158348</td><td rowspan="1">-1637328158348</td></tr><tr class="skippedodd"><td><a href="#m22">teardown</a></td><td rowspan="1">1637328158348</td><td rowspan="1">-1637328158348</td></tr><tr><th colspan="4">Test &#8212; skipped</th></tr><tr class="skippedeven"><td rowspan="2">com.compri.testcases.FilterLH_TC</td><td><a href="#m23">FilterSortHL</a></td><td rowspan="1">1637328158325</td><td rowspan="1">0</td></tr><tr class="skippedeven"><td><a href="#m24">FilterSortLH</a></td><td rowspan="1">1637328158330</td><td rowspan="1">0</td></tr><tr class="skippedodd"><td rowspan="1">com.compri.testcases.GiftCard_TC</td><td><a href="#m25">GiftCardValidation</a></td><td rowspan="1">1637328158338</td><td rowspan="1">0</td></tr><tr class="skippedeven"><td rowspan="2">com.compri.testcases.PostalCode_TC</td><td><a href="#m26">PinCodeValidation</a></td><td rowspan="1">1637328158357</td><td rowspan="1">0</td></tr><tr class="skippedeven"><td><a href="#m27">PinCodeValidationN</a></td><td rowspan="1">1637328158358</td><td rowspan="1">0</td></tr><tr class="skippedodd"><td rowspan="1">com.compri.testcases.ProductSearchVerify_TC</td><td><a href="#m28">RelevantProductList</a></td><td rowspan="1">1637328158352</td><td rowspan="1">0</td></tr><tr class="skippedeven"><td rowspan="4">com.compri.testcases.SignIn_TC</td><td><a href="#m29">LoginToStore</a></td><td rowspan="1">1637328158364</td><td rowspan="1">0</td></tr><tr class="skippedeven"><td><a href="#m30">LoginToStoreN</a></td><td rowspan="3">1637328158368</td><td rowspan="3">0</td></tr><tr class="skippedeven"><td><a href="#m31">LoginToStoreN</a></td></tr><tr class="skippedeven"><td><a href="#m32">LoginToStoreN</a></td></tr><tr class="skippedodd"><td rowspan="1">com.compri.testcases.WishList_TC</td><td><a href="#m33">WishListCart</a></td><td rowspan="1">1637328158347</td><td rowspan="1">0</td></tr></tbody>
</table>
<h2>Test</h2><h3 id="m0">com.compri.testcases.FilterLH_TC#setup</h3><table class="result"><tr><th>Exception</th></tr><tr><td><div class="stacktrace">java.lang.IllegalStateException: The driver executable does not exist: C:\Users\M1073102\Documents\Eclipse\hybrid\driver\chromedriver.exe
	at com.google.common.base.Preconditions.checkState(Preconditions.java:585)
	at org.openqa.selenium.remote.service.DriverService.checkExecutable(DriverService.java:146)
	at org.openqa.selenium.remote.service.DriverService.findExecutable(DriverService.java:141)
	at org.openqa.selenium.chrome.ChromeDriverService.access$000(ChromeDriverService.java:35)
	at org.openqa.selenium.chrome.ChromeDriverService$Builder.findDefaultExecutable(ChromeDriverService.java:159)
	at org.openqa.selenium.remote.service.DriverService$Builder.build(DriverService.java:355)
	at org.openqa.selenium.chrome.ChromeDriverService.createDefaultService(ChromeDriverService.java:94)
	at org.openqa.selenium.chrome.ChromeDriver.&lt;init&gt;(ChromeDriver.java:157)
	at com.compri.utilites.BrowserFactory.startApp(BrowserFactory.java:19)
	at com.compri.pageobject.BaseClass.setup(BaseClass.java:42)
	at java.base/java.util.ArrayList.forEach(ArrayList.java:1541)
... Removed 30 stack frames</div></td></tr></table><p class="totop"><a href="#summary">back to summary</a></p>
<h3 id="m1">com.compri.testcases.GiftCard_TC#setup</h3><table class="result"><tr><th>Exception</th></tr><tr><td><div class="stacktrace">java.lang.IllegalStateException: The driver executable does not exist: C:\Users\M1073102\Documents\Eclipse\hybrid\driver\chromedriver.exe
	at com.google.common.base.Preconditions.checkState(Preconditions.java:585)
	at org.openqa.selenium.remote.service.DriverService.checkExecutable(DriverService.java:146)
	at org.openqa.selenium.remote.service.DriverService.findExecutable(DriverService.java:141)
	at org.openqa.selenium.chrome.ChromeDriverService.access$000(ChromeDriverService.java:35)
	at org.openqa.selenium.chrome.ChromeDriverService$Builder.findDefaultExecutable(ChromeDriverService.java:159)
	at org.openqa.selenium.remote.service.DriverService$Builder.build(DriverService.java:355)
	at org.openqa.selenium.chrome.ChromeDriverService.createDefaultService(ChromeDriverService.java:94)
	at org.openqa.selenium.chrome.ChromeDriver.&lt;init&gt;(ChromeDriver.java:157)
	at com.compri.utilites.BrowserFactory.startApp(BrowserFactory.java:19)
	at com.compri.pageobject.BaseClass.setup(BaseClass.java:42)
	at java.base/java.util.ArrayList.forEach(ArrayList.java:1541)
... Removed 30 stack frames</div></td></tr></table><p class="totop"><a href="#summary">back to summary</a></p>
<h3 id="m2">com.compri.testcases.PostalCode_TC#setup</h3><table class="result"><tr><th>Exception</th></tr><tr><td><div class="stacktrace">java.lang.IllegalStateException: The driver executable does not exist: C:\Users\M1073102\Documents\Eclipse\hybrid\driver\chromedriver.exe
	at com.google.common.base.Preconditions.checkState(Preconditions.java:585)
	at org.openqa.selenium.remote.service.DriverService.checkExecutable(DriverService.java:146)
	at org.openqa.selenium.remote.service.DriverService.findExecutable(DriverService.java:141)
	at org.openqa.selenium.chrome.ChromeDriverService.access$000(ChromeDriverService.java:35)
	at org.openqa.selenium.chrome.ChromeDriverService$Builder.findDefaultExecutable(ChromeDriverService.java:159)
	at org.openqa.selenium.remote.service.DriverService$Builder.build(DriverService.java:355)
	at org.openqa.selenium.chrome.ChromeDriverService.createDefaultService(ChromeDriverService.java:94)
	at org.openqa.selenium.chrome.ChromeDriver.&lt;init&gt;(ChromeDriver.java:157)
	at com.compri.utilites.BrowserFactory.startApp(BrowserFactory.java:19)
	at com.compri.pageobject.BaseClass.setup(BaseClass.java:42)
	at java.base/java.util.ArrayList.forEach(ArrayList.java:1541)
... Removed 30 stack frames</div></td></tr></table><p class="totop"><a href="#summary">back to summary</a></p>
<h3 id="m3">com.compri.testcases.ProductSearchVerify_TC#setup</h3><table class="result"><tr><th>Exception</th></tr><tr><td><div class="stacktrace">java.lang.IllegalStateException: The driver executable does not exist: C:\Users\M1073102\Documents\Eclipse\hybrid\driver\chromedriver.exe
	at com.google.common.base.Preconditions.checkState(Preconditions.java:585)
	at org.openqa.selenium.remote.service.DriverService.checkExecutable(DriverService.java:146)
	at org.openqa.selenium.remote.service.DriverService.findExecutable(DriverService.java:141)
	at org.openqa.selenium.chrome.ChromeDriverService.access$000(ChromeDriverService.java:35)
	at org.openqa.selenium.chrome.ChromeDriverService$Builder.findDefaultExecutable(ChromeDriverService.java:159)
	at org.openqa.selenium.remote.service.DriverService$Builder.build(DriverService.java:355)
	at org.openqa.selenium.chrome.ChromeDriverService.createDefaultService(ChromeDriverService.java:94)
	at org.openqa.selenium.chrome.ChromeDriver.&lt;init&gt;(ChromeDriver.java:157)
	at com.compri.utilites.BrowserFactory.startApp(BrowserFactory.java:19)
	at com.compri.pageobject.BaseClass.setup(BaseClass.java:42)
	at java.base/java.util.ArrayList.forEach(ArrayList.java:1541)
... Removed 30 stack frames</div></td></tr></table><p class="totop"><a href="#summary">back to summary</a></p>
<h3 id="m4">com.compri.testcases.SignIn_TC#setup</h3><table class="result"><tr><th>Exception</th></tr><tr><td><div class="stacktrace">java.lang.IllegalStateException: The driver executable does not exist: C:\Users\M1073102\Documents\Eclipse\hybrid\driver\chromedriver.exe
	at com.google.common.base.Preconditions.checkState(Preconditions.java:585)
	at org.openqa.selenium.remote.service.DriverService.checkExecutable(DriverService.java:146)
	at org.openqa.selenium.remote.service.DriverService.findExecutable(DriverService.java:141)
	at org.openqa.selenium.chrome.ChromeDriverService.access$000(ChromeDriverService.java:35)
	at org.openqa.selenium.chrome.ChromeDriverService$Builder.findDefaultExecutable(ChromeDriverService.java:159)
	at org.openqa.selenium.remote.service.DriverService$Builder.build(DriverService.java:355)
	at org.openqa.selenium.chrome.ChromeDriverService.createDefaultService(ChromeDriverService.java:94)
	at org.openqa.selenium.chrome.ChromeDriver.&lt;init&gt;(ChromeDriver.java:157)
	at com.compri.utilites.BrowserFactory.startApp(BrowserFactory.java:19)
	at com.compri.pageobject.BaseClass.setup(BaseClass.java:42)
	at java.base/java.util.ArrayList.forEach(ArrayList.java:1541)
... Removed 30 stack frames</div></td></tr></table><p class="totop"><a href="#summary">back to summary</a></p>
<h3 id="m5">com.compri.testcases.WishList_TC#setup</h3><table class="result"><tr><th>Exception</th></tr><tr><td><div class="stacktrace">java.lang.IllegalStateException: The driver executable does not exist: C:\Users\M1073102\Documents\Eclipse\hybrid\driver\chromedriver.exe
	at com.google.common.base.Preconditions.checkState(Preconditions.java:585)
	at org.openqa.selenium.remote.service.DriverService.checkExecutable(DriverService.java:146)
	at org.openqa.selenium.remote.service.DriverService.findExecutable(DriverService.java:141)
	at org.openqa.selenium.chrome.ChromeDriverService.access$000(ChromeDriverService.java:35)
	at org.openqa.selenium.chrome.ChromeDriverService$Builder.findDefaultExecutable(ChromeDriverService.java:159)
	at org.openqa.selenium.remote.service.DriverService$Builder.build(DriverService.java:355)
	at org.openqa.selenium.chrome.ChromeDriverService.createDefaultService(ChromeDriverService.java:94)
	at org.openqa.selenium.chrome.ChromeDriver.&lt;init&gt;(ChromeDriver.java:157)
	at com.compri.utilites.BrowserFactory.startApp(BrowserFactory.java:19)
	at com.compri.pageobject.BaseClass.setup(BaseClass.java:42)
	at java.base/java.util.ArrayList.forEach(ArrayList.java:1541)
... Removed 30 stack frames</div></td></tr></table><p class="totop"><a href="#summary">back to summary</a></p>
<h3 id="m6">com.compri.testcases.FilterLH_TC#tearDownMethod</h3><table class="result"><tr><th class="invisible"/></tr></table><p class="totop"><a href="#summary">back to summary</a></p>
<h3 id="m7">com.compri.testcases.FilterLH_TC#tearDownMethod</h3><table class="result"><tr><th class="invisible"/></tr></table><p class="totop"><a href="#summary">back to summary</a></p>
<h3 id="m8">com.compri.testcases.FilterLH_TC#teardown</h3><table class="result"><tr><th class="invisible"/></tr></table><p class="totop"><a href="#summary">back to summary</a></p>
<h3 id="m9">com.compri.testcases.GiftCard_TC#tearDownMethod</h3><table class="result"><tr><th class="invisible"/></tr></table><p class="totop"><a href="#summary">back to summary</a></p>
<h3 id="m10">com.compri.testcases.GiftCard_TC#teardown</h3><table class="result"><tr><th class="invisible"/></tr></table><p class="totop"><a href="#summary">back to summary</a></p>
<h3 id="m11">com.compri.testcases.PostalCode_TC#tearDownMethod</h3><table class="result"><tr><th class="invisible"/></tr></table><p class="totop"><a href="#summary">back to summary</a></p>
<h3 id="m12">com.compri.testcases.PostalCode_TC#tearDownMethod</h3><table class="result"><tr><th class="invisible"/></tr></table><p class="totop"><a href="#summary">back to summary</a></p>
<h3 id="m13">com.compri.testcases.PostalCode_TC#teardown</h3><table class="result"><tr><th class="invisible"/></tr></table><p class="totop"><a href="#summary">back to summary</a></p>
<h3 id="m14">com.compri.testcases.ProductSearchVerify_TC#tearDownMethod</h3><table class="result"><tr><th class="invisible"/></tr></table><p class="totop"><a href="#summary">back to summary</a></p>
<h3 id="m15">com.compri.testcases.ProductSearchVerify_TC#teardown</h3><table class="result"><tr><th class="invisible"/></tr></table><p class="totop"><a href="#summary">back to summary</a></p>
<h3 id="m16">com.compri.testcases.SignIn_TC#tearDownMethod</h3><table class="result"><tr><th class="invisible"/></tr></table><p class="totop"><a href="#summary">back to summary</a></p>
<h3 id="m17">com.compri.testcases.SignIn_TC#tearDownMethod</h3><table class="result"><tr><th class="invisible"/></tr></table><p class="totop"><a href="#summary">back to summary</a></p>
<h3 id="m18">com.compri.testcases.SignIn_TC#tearDownMethod</h3><table class="result"><tr><th class="invisible"/></tr></table><p class="totop"><a href="#summary">back to summary</a></p>
<h3 id="m19">com.compri.testcases.SignIn_TC#tearDownMethod</h3><table class="result"><tr><th class="invisible"/></tr></table><p class="totop"><a href="#summary">back to summary</a></p>
<h3 id="m20">com.compri.testcases.SignIn_TC#teardown</h3><table class="result"><tr><th class="invisible"/></tr></table><p class="totop"><a href="#summary">back to summary</a></p>
<h3 id="m21">com.compri.testcases.WishList_TC#tearDownMethod</h3><table class="result"><tr><th class="invisible"/></tr></table><p class="totop"><a href="#summary">back to summary</a></p>
<h3 id="m22">com.compri.testcases.WishList_TC#teardown</h3><table class="result"><tr><th class="invisible"/></tr></table><p class="totop"><a href="#summary">back to summary</a></p>
<h3 id="m23">com.compri.testcases.FilterLH_TC#FilterSortHL</h3><table class="result"><tr><th>Exception</th></tr><tr><td><div class="stacktrace">java.lang.IllegalStateException: The driver executable does not exist: C:\Users\M1073102\Documents\Eclipse\hybrid\driver\chromedriver.exe
	at com.google.common.base.Preconditions.checkState(Preconditions.java:585)
	at org.openqa.selenium.remote.service.DriverService.checkExecutable(DriverService.java:146)
	at org.openqa.selenium.remote.service.DriverService.findExecutable(DriverService.java:141)
	at org.openqa.selenium.chrome.ChromeDriverService.access$000(ChromeDriverService.java:35)
	at org.openqa.selenium.chrome.ChromeDriverService$Builder.findDefaultExecutable(ChromeDriverService.java:159)
	at org.openqa.selenium.remote.service.DriverService$Builder.build(DriverService.java:355)
	at org.openqa.selenium.chrome.ChromeDriverService.createDefaultService(ChromeDriverService.java:94)
	at org.openqa.selenium.chrome.ChromeDriver.&lt;init&gt;(ChromeDriver.java:157)
	at com.compri.utilites.BrowserFactory.startApp(BrowserFactory.java:19)
	at com.compri.pageobject.BaseClass.setup(BaseClass.java:42)
	at java.base/java.util.ArrayList.forEach(ArrayList.java:1541)
... Removed 30 stack frames</div></td></tr></table><p class="totop"><a href="#summary">back to summary</a></p>
<h3 id="m24">com.compri.testcases.FilterLH_TC#FilterSortLH</h3><table class="result"><tr><th>Exception</th></tr><tr><td><div class="stacktrace">java.lang.IllegalStateException: The driver executable does not exist: C:\Users\M1073102\Documents\Eclipse\hybrid\driver\chromedriver.exe
	at com.google.common.base.Preconditions.checkState(Preconditions.java:585)
	at org.openqa.selenium.remote.service.DriverService.checkExecutable(DriverService.java:146)
	at org.openqa.selenium.remote.service.DriverService.findExecutable(DriverService.java:141)
	at org.openqa.selenium.chrome.ChromeDriverService.access$000(ChromeDriverService.java:35)
	at org.openqa.selenium.chrome.ChromeDriverService$Builder.findDefaultExecutable(ChromeDriverService.java:159)
	at org.openqa.selenium.remote.service.DriverService$Builder.build(DriverService.java:355)
	at org.openqa.selenium.chrome.ChromeDriverService.createDefaultService(ChromeDriverService.java:94)
	at org.openqa.selenium.chrome.ChromeDriver.&lt;init&gt;(ChromeDriver.java:157)
	at com.compri.utilites.BrowserFactory.startApp(BrowserFactory.java:19)
	at com.compri.pageobject.BaseClass.setup(BaseClass.java:42)
	at java.base/java.util.ArrayList.forEach(ArrayList.java:1541)
... Removed 30 stack frames</div></td></tr></table><p class="totop"><a href="#summary">back to summary</a></p>
<h3 id="m25">com.compri.testcases.GiftCard_TC#GiftCardValidation</h3><table class="result"><tr><th>Exception</th></tr><tr><td><div class="stacktrace">java.lang.IllegalStateException: The driver executable does not exist: C:\Users\M1073102\Documents\Eclipse\hybrid\driver\chromedriver.exe
	at com.google.common.base.Preconditions.checkState(Preconditions.java:585)
	at org.openqa.selenium.remote.service.DriverService.checkExecutable(DriverService.java:146)
	at org.openqa.selenium.remote.service.DriverService.findExecutable(DriverService.java:141)
	at org.openqa.selenium.chrome.ChromeDriverService.access$000(ChromeDriverService.java:35)
	at org.openqa.selenium.chrome.ChromeDriverService$Builder.findDefaultExecutable(ChromeDriverService.java:159)
	at org.openqa.selenium.remote.service.DriverService$Builder.build(DriverService.java:355)
	at org.openqa.selenium.chrome.ChromeDriverService.createDefaultService(ChromeDriverService.java:94)
	at org.openqa.selenium.chrome.ChromeDriver.&lt;init&gt;(ChromeDriver.java:157)
	at com.compri.utilites.BrowserFactory.startApp(BrowserFactory.java:19)
	at com.compri.pageobject.BaseClass.setup(BaseClass.java:42)
	at java.base/java.util.ArrayList.forEach(ArrayList.java:1541)
... Removed 30 stack frames</div></td></tr></table><p class="totop"><a href="#summary">back to summary</a></p>
<h3 id="m26">com.compri.testcases.PostalCode_TC#PinCodeValidation</h3><table class="result"><tr><th>Exception</th></tr><tr><td><div class="stacktrace">java.lang.IllegalStateException: The driver executable does not exist: C:\Users\M1073102\Documents\Eclipse\hybrid\driver\chromedriver.exe
	at com.google.common.base.Preconditions.checkState(Preconditions.java:585)
	at org.openqa.selenium.remote.service.DriverService.checkExecutable(DriverService.java:146)
	at org.openqa.selenium.remote.service.DriverService.findExecutable(DriverService.java:141)
	at org.openqa.selenium.chrome.ChromeDriverService.access$000(ChromeDriverService.java:35)
	at org.openqa.selenium.chrome.ChromeDriverService$Builder.findDefaultExecutable(ChromeDriverService.java:159)
	at org.openqa.selenium.remote.service.DriverService$Builder.build(DriverService.java:355)
	at org.openqa.selenium.chrome.ChromeDriverService.createDefaultService(ChromeDriverService.java:94)
	at org.openqa.selenium.chrome.ChromeDriver.&lt;init&gt;(ChromeDriver.java:157)
	at com.compri.utilites.BrowserFactory.startApp(BrowserFactory.java:19)
	at com.compri.pageobject.BaseClass.setup(BaseClass.java:42)
	at java.base/java.util.ArrayList.forEach(ArrayList.java:1541)
... Removed 30 stack frames</div></td></tr></table><p class="totop"><a href="#summary">back to summary</a></p>
<h3 id="m27">com.compri.testcases.PostalCode_TC#PinCodeValidationN</h3><table class="result"><tr><th>Exception</th></tr><tr><td><div class="stacktrace">java.lang.IllegalStateException: The driver executable does not exist: C:\Users\M1073102\Documents\Eclipse\hybrid\driver\chromedriver.exe
	at com.google.common.base.Preconditions.checkState(Preconditions.java:585)
	at org.openqa.selenium.remote.service.DriverService.checkExecutable(DriverService.java:146)
	at org.openqa.selenium.remote.service.DriverService.findExecutable(DriverService.java:141)
	at org.openqa.selenium.chrome.ChromeDriverService.access$000(ChromeDriverService.java:35)
	at org.openqa.selenium.chrome.ChromeDriverService$Builder.findDefaultExecutable(ChromeDriverService.java:159)
	at org.openqa.selenium.remote.service.DriverService$Builder.build(DriverService.java:355)
	at org.openqa.selenium.chrome.ChromeDriverService.createDefaultService(ChromeDriverService.java:94)
	at org.openqa.selenium.chrome.ChromeDriver.&lt;init&gt;(ChromeDriver.java:157)
	at com.compri.utilites.BrowserFactory.startApp(BrowserFactory.java:19)
	at com.compri.pageobject.BaseClass.setup(BaseClass.java:42)
	at java.base/java.util.ArrayList.forEach(ArrayList.java:1541)
... Removed 30 stack frames</div></td></tr></table><p class="totop"><a href="#summary">back to summary</a></p>
<h3 id="m28">com.compri.testcases.ProductSearchVerify_TC#RelevantProductList</h3><table class="result"><tr><th>Exception</th></tr><tr><td><div class="stacktrace">java.lang.IllegalStateException: The driver executable does not exist: C:\Users\M1073102\Documents\Eclipse\hybrid\driver\chromedriver.exe
	at com.google.common.base.Preconditions.checkState(Preconditions.java:585)
	at org.openqa.selenium.remote.service.DriverService.checkExecutable(DriverService.java:146)
	at org.openqa.selenium.remote.service.DriverService.findExecutable(DriverService.java:141)
	at org.openqa.selenium.chrome.ChromeDriverService.access$000(ChromeDriverService.java:35)
	at org.openqa.selenium.chrome.ChromeDriverService$Builder.findDefaultExecutable(ChromeDriverService.java:159)
	at org.openqa.selenium.remote.service.DriverService$Builder.build(DriverService.java:355)
	at org.openqa.selenium.chrome.ChromeDriverService.createDefaultService(ChromeDriverService.java:94)
	at org.openqa.selenium.chrome.ChromeDriver.&lt;init&gt;(ChromeDriver.java:157)
	at com.compri.utilites.BrowserFactory.startApp(BrowserFactory.java:19)
	at com.compri.pageobject.BaseClass.setup(BaseClass.java:42)
	at java.base/java.util.ArrayList.forEach(ArrayList.java:1541)
... Removed 30 stack frames</div></td></tr></table><p class="totop"><a href="#summary">back to summary</a></p>
<h3 id="m29">com.compri.testcases.SignIn_TC#LoginToStore</h3><table class="result"><tr><th>Exception</th></tr><tr><td><div class="stacktrace">java.lang.IllegalStateException: The driver executable does not exist: C:\Users\M1073102\Documents\Eclipse\hybrid\driver\chromedriver.exe
	at com.google.common.base.Preconditions.checkState(Preconditions.java:585)
	at org.openqa.selenium.remote.service.DriverService.checkExecutable(DriverService.java:146)
	at org.openqa.selenium.remote.service.DriverService.findExecutable(DriverService.java:141)
	at org.openqa.selenium.chrome.ChromeDriverService.access$000(ChromeDriverService.java:35)
	at org.openqa.selenium.chrome.ChromeDriverService$Builder.findDefaultExecutable(ChromeDriverService.java:159)
	at org.openqa.selenium.remote.service.DriverService$Builder.build(DriverService.java:355)
	at org.openqa.selenium.chrome.ChromeDriverService.createDefaultService(ChromeDriverService.java:94)
	at org.openqa.selenium.chrome.ChromeDriver.&lt;init&gt;(ChromeDriver.java:157)
	at com.compri.utilites.BrowserFactory.startApp(BrowserFactory.java:19)
	at com.compri.pageobject.BaseClass.setup(BaseClass.java:42)
	at java.base/java.util.ArrayList.forEach(ArrayList.java:1541)
... Removed 30 stack frames</div></td></tr></table><p class="totop"><a href="#summary">back to summary</a></p>
<h3 id="m30">com.compri.testcases.SignIn_TC#LoginToStoreN</h3><table class="result"><tr class="param"><th>Parameter #1</th><th>Parameter #2</th></tr><tr class="param stripe"><td></td><td>Selenium</td></tr><tr><th colspan="2">Exception</th></tr><tr><td colspan="2"><div class="stacktrace">java.lang.IllegalStateException: The driver executable does not exist: C:\Users\M1073102\Documents\Eclipse\hybrid\driver\chromedriver.exe
	at com.google.common.base.Preconditions.checkState(Preconditions.java:585)
	at org.openqa.selenium.remote.service.DriverService.checkExecutable(DriverService.java:146)
	at org.openqa.selenium.remote.service.DriverService.findExecutable(DriverService.java:141)
	at org.openqa.selenium.chrome.ChromeDriverService.access$000(ChromeDriverService.java:35)
	at org.openqa.selenium.chrome.ChromeDriverService$Builder.findDefaultExecutable(ChromeDriverService.java:159)
	at org.openqa.selenium.remote.service.DriverService$Builder.build(DriverService.java:355)
	at org.openqa.selenium.chrome.ChromeDriverService.createDefaultService(ChromeDriverService.java:94)
	at org.openqa.selenium.chrome.ChromeDriver.&lt;init&gt;(ChromeDriver.java:157)
	at com.compri.utilites.BrowserFactory.startApp(BrowserFactory.java:19)
	at com.compri.pageobject.BaseClass.setup(BaseClass.java:42)
	at java.base/java.util.ArrayList.forEach(ArrayList.java:1541)
... Removed 30 stack frames</div></td></tr></table><p class="totop"><a href="#summary">back to summary</a></p>
<h3 id="m31">com.compri.testcases.SignIn_TC#LoginToStoreN</h3><table class="result"><tr class="param"><th>Parameter #1</th><th>Parameter #2</th></tr><tr class="param stripe"><td>satox63548@idrct.com</td><td></td></tr><tr><th colspan="2">Exception</th></tr><tr><td colspan="2"><div class="stacktrace">java.lang.IllegalStateException: The driver executable does not exist: C:\Users\M1073102\Documents\Eclipse\hybrid\driver\chromedriver.exe
	at com.google.common.base.Preconditions.checkState(Preconditions.java:585)
	at org.openqa.selenium.remote.service.DriverService.checkExecutable(DriverService.java:146)
	at org.openqa.selenium.remote.service.DriverService.findExecutable(DriverService.java:141)
	at org.openqa.selenium.chrome.ChromeDriverService.access$000(ChromeDriverService.java:35)
	at org.openqa.selenium.chrome.ChromeDriverService$Builder.findDefaultExecutable(ChromeDriverService.java:159)
	at org.openqa.selenium.remote.service.DriverService$Builder.build(DriverService.java:355)
	at org.openqa.selenium.chrome.ChromeDriverService.createDefaultService(ChromeDriverService.java:94)
	at org.openqa.selenium.chrome.ChromeDriver.&lt;init&gt;(ChromeDriver.java:157)
	at com.compri.utilites.BrowserFactory.startApp(BrowserFactory.java:19)
	at com.compri.pageobject.BaseClass.setup(BaseClass.java:42)
	at java.base/java.util.ArrayList.forEach(ArrayList.java:1541)
... Removed 30 stack frames</div></td></tr></table><p class="totop"><a href="#summary">back to summary</a></p>
<h3 id="m32">com.compri.testcases.SignIn_TC#LoginToStoreN</h3><table class="result"><tr class="param"><th>Parameter #1</th><th>Parameter #2</th></tr><tr class="param stripe"><td></td><td></td></tr><tr><th colspan="2">Exception</th></tr><tr><td colspan="2"><div class="stacktrace">java.lang.IllegalStateException: The driver executable does not exist: C:\Users\M1073102\Documents\Eclipse\hybrid\driver\chromedriver.exe
	at com.google.common.base.Preconditions.checkState(Preconditions.java:585)
	at org.openqa.selenium.remote.service.DriverService.checkExecutable(DriverService.java:146)
	at org.openqa.selenium.remote.service.DriverService.findExecutable(DriverService.java:141)
	at org.openqa.selenium.chrome.ChromeDriverService.access$000(ChromeDriverService.java:35)
	at org.openqa.selenium.chrome.ChromeDriverService$Builder.findDefaultExecutable(ChromeDriverService.java:159)
	at org.openqa.selenium.remote.service.DriverService$Builder.build(DriverService.java:355)
	at org.openqa.selenium.chrome.ChromeDriverService.createDefaultService(ChromeDriverService.java:94)
	at org.openqa.selenium.chrome.ChromeDriver.&lt;init&gt;(ChromeDriver.java:157)
	at com.compri.utilites.BrowserFactory.startApp(BrowserFactory.java:19)
	at com.compri.pageobject.BaseClass.setup(BaseClass.java:42)
	at java.base/java.util.ArrayList.forEach(ArrayList.java:1541)
... Removed 30 stack frames</div></td></tr></table><p class="totop"><a href="#summary">back to summary</a></p>
<h3 id="m33">com.compri.testcases.WishList_TC#WishListCart</h3><table class="result"><tr><th>Exception</th></tr><tr><td><div class="stacktrace">java.lang.IllegalStateException: The driver executable does not exist: C:\Users\M1073102\Documents\Eclipse\hybrid\driver\chromedriver.exe
	at com.google.common.base.Preconditions.checkState(Preconditions.java:585)
	at org.openqa.selenium.remote.service.DriverService.checkExecutable(DriverService.java:146)
	at org.openqa.selenium.remote.service.DriverService.findExecutable(DriverService.java:141)
	at org.openqa.selenium.chrome.ChromeDriverService.access$000(ChromeDriverService.java:35)
	at org.openqa.selenium.chrome.ChromeDriverService$Builder.findDefaultExecutable(ChromeDriverService.java:159)
	at org.openqa.selenium.remote.service.DriverService$Builder.build(DriverService.java:355)
	at org.openqa.selenium.chrome.ChromeDriverService.createDefaultService(ChromeDriverService.java:94)
	at org.openqa.selenium.chrome.ChromeDriver.&lt;init&gt;(ChromeDriver.java:157)
	at com.compri.utilites.BrowserFactory.startApp(BrowserFactory.java:19)
	at com.compri.pageobject.BaseClass.setup(BaseClass.java:42)
	at java.base/java.util.ArrayList.forEach(ArrayList.java:1541)
... Removed 30 stack frames</div></td></tr></table><p class="totop"><a href="#summary">back to summary</a></p>
</body>
</html>
